<?xml version="1.0" encoding="UTF-8"?>
<testng-results skipped="0" failed="0" ignored="0" total="1" passed="1">
  <reporter-output>
  </reporter-output>
  <suite name="SeleniumTraining" duration-ms="28624" started-at="2021-05-29T01:53:38Z" finished-at="2021-05-29T01:54:07Z">
    <groups>
    </groups>
    <test name="Testcycle1" duration-ms="28624" started-at="2021-05-29T01:53:38Z" finished-at="2021-05-29T01:54:07Z">
      <class name="com.qa.TestScripts.TestCase1">
        <test-method status="PASS" signature="addreebookTest()[pri:0, instance:com.qa.TestScripts.TestCase1@1b37288]" name="addreebookTest" duration-ms="28577" started-at="2021-05-29T01:53:38Z" finished-at="2021-05-29T01:54:07Z">
          <reporter-output>
          </reporter-output>
        </test-method> <!-- addreebookTest -->
      </class> <!-- com.qa.TestScripts.TestCase1 -->
    </test> <!-- Testcycle1 -->
  </suite> <!-- SeleniumTraining -->
</testng-results>
