<?xml version="1.0" encoding="UTF-8"?>
<testng-results skipped="0" failed="0" ignored="0" total="1" passed="1">
  <reporter-output>
  </reporter-output>
  <suite name="Default suite" duration-ms="29632" started-at="2021-05-29T01:44:39Z" finished-at="2021-05-29T01:45:08Z">
    <groups>
    </groups>
    <test name="Default test" duration-ms="29632" started-at="2021-05-29T01:44:39Z" finished-at="2021-05-29T01:45:08Z">
      <class name="com.qa.TestScripts.TestCase1">
        <test-method status="PASS" signature="addreebookTest()[pri:0, instance:com.qa.TestScripts.TestCase1@2f8f11]" name="addreebookTest" duration-ms="29563" started-at="2021-05-29T01:44:39Z" finished-at="2021-05-29T01:45:08Z">
          <reporter-output>
          </reporter-output>
        </test-method> <!-- addreebookTest -->
      </class> <!-- com.qa.TestScripts.TestCase1 -->
    </test> <!-- Default test -->
  </suite> <!-- Default suite -->
</testng-results>
